20240618	04:43:04	3df5cd3a-6c72-4426-b692-5e012c0666e0	POST	/users	undefined
20240618	04:43:16	e0a864bd-acb9-471d-aa7b-35559b45d4d9	GET	/users	undefined
06-18-2024	04:45:11	5f8dbd3e-3d9f-4330-8427-d7a6d7fd5f01	GET	/users	undefined
06-18-2024	05:08:41	93ae02b7-a1c9-453e-aacb-40cae61de07e	GET	/users	undefined
06-18-2024	05:08:46	994e4197-e97f-4c44-b968-08f49062c69e	POST	/users	undefined
06-18-2024	05:13:18	7a526d50-6918-48ae-aef7-1a1bb90389fc	GET	/users	undefined
06-18-2024	05:13:21	659909da-e5ac-4dac-9d2c-2cd2c04d33e2	POST	/users	undefined
06-20-2024	04:37:31	5de2f18e-a541-40fe-be32-c1874deb4c3c	GET	/users	undefined
06-20-2024	04:37:36	a6519261-2825-4173-bbce-5af7843576c7	POST	/users	undefined
06-20-2024	04:37:59	5a786106-99fd-48fb-9695-fb0cc0eda517	GET	/users	undefined
06-20-2024	04:39:32	dae17ac6-1583-4772-9344-70254a2e9dcb	DELETE	/users	undefined
06-20-2024	04:39:44	0c1f9b45-f707-4e70-ad87-603ffb411da6	GET	/users	undefined
06-20-2024	04:39:46	f82f86b7-017f-4254-a834-d15ac807fdb4	GET	/users	undefined
06-20-2024	04:39:48	ac71ba0a-3892-4243-850b-7fc7cd0b5af6	GET	/users	undefined
06-20-2024	04:40:04	f1808ff3-282a-4f95-8268-40aad60b4ac8	DELETE	/users	undefined
06-20-2024	04:40:08	7eb9bc3b-499a-4124-9b8e-a7e30413503b	GET	/users	undefined
06-20-2024	04:40:15	b65e5074-35b5-4098-a4a0-6b13d7577203	DELETE	/users	undefined
06-20-2024	04:40:19	be4a5916-87c9-4cbc-a772-e45d87e30e89	GET	/users	undefined
06-20-2024	04:40:26	41ddd793-f99c-4b09-95e2-ddc90f90f694	DELETE	/users	undefined
06-20-2024	04:40:29	e7b9b695-6dbb-4db7-a094-ad2bd8145774	GET	/users	undefined
06-20-2024	04:40:42	f606ef01-e255-4a29-b588-75cedc7c70b6	DELETE	/users	undefined
06-20-2024	04:40:46	320339cb-be30-4af5-9fe6-ab76f911e7fc	GET	/users	undefined
06-20-2024	04:41:04	66ba0f7a-ddb7-433c-9012-cbef6559799e	POST	/users	undefined
06-20-2024	04:41:10	1f3ae4a4-ea42-4e53-88d3-032bb2174e4d	GET	/users	undefined
06-20-2024	04:42:16	83fec100-ec16-4860-9347-42e52e2ce61d	DELETE	/users	undefined
06-20-2024	04:42:20	a5b32d9d-6b1f-4780-aa6b-3d649ca9c885	GET	/users	undefined
06-20-2024	04:44:23	a3029fa7-97f2-4392-9b56-b80f9a51a0eb	POST	/users	undefined
06-20-2024	04:44:28	e16763d6-9ff8-4324-9444-261fdaefb891	GET	/users	undefined
06-20-2024	04:44:39	9fa30f51-73f4-403c-ad22-fff91218fe71	DELETE	/users	undefined
06-20-2024	04:45:20	2200a9d4-330b-4ad8-b8f7-2e98bf749104	DELETE	/users	undefined
06-20-2024	04:45:39	71a4dd03-8134-4c6c-bee1-e45e8766c396	DELETE	/users	undefined
06-20-2024	04:45:49	366fffb8-6a13-4f10-a82d-1772da4ba019	DELETE	/users	undefined
06-20-2024	04:45:54	c019d144-edf2-44ff-81fb-b9ec00c049d1	GET	/users	undefined
06-20-2024	04:46:00	98fadb96-e557-4f0a-9ca9-0fb2415162df	POST	/users	undefined
06-20-2024	04:46:04	a40f2d05-c61e-41f2-b3ab-9d1316b8532d	GET	/users	undefined
06-20-2024	04:46:14	f6e960c4-fa9f-4501-a9e9-82bed26f185e	DELETE	/users	undefined
06-20-2024	04:46:47	e49e3fc3-dd2f-4544-b805-5e8062dede9f	DELETE	/users	undefined
06-20-2024	04:47:20	d0dfd9a6-ab01-4bdd-9082-fa0fcb080c8e	POST	/users	undefined
06-20-2024	04:47:25	a1e00d0a-1075-45c0-9607-c05b267b0a2e	DELETE	/users	undefined
06-20-2024	04:47:31	c7c264bb-305b-41ea-9333-4711f8e6f711	GET	/users	undefined
06-20-2024	04:47:37	97c7987c-0f3e-4518-b72e-8ca8ee5a56fa	DELETE	/users	undefined
06-20-2024	04:48:07	436d5f92-5f92-4d38-98a9-71e6daa01a53	POST	/users	undefined
06-20-2024	04:48:10	73ae82b4-41a1-4118-97a0-6ffa33b381ae	GET	/users	undefined
06-20-2024	04:48:15	826fc0f2-04f4-4824-864b-75ace7eb3b7b	DELETE	/users	undefined
06-20-2024	04:49:19	1c5a86fc-bfc5-4b12-93bf-386a6905e4eb	GET	/users	undefined
06-20-2024	04:49:24	236d043d-cd8b-4e40-877a-df78df1d770a	POST	/users	undefined
06-20-2024	04:49:27	77f77ed2-51df-41a4-ac46-69a3ff4644ec	GET	/users	undefined
06-20-2024	16:42:14	26bc1f8e-0b2e-49e5-a7aa-02adaa4507ee	GET	/	undefined
06-20-2024	16:42:20	b6741248-b951-4084-bb00-0bb226fb6abc	GET	/users	undefined
06-20-2024	16:43:31	244c4ee5-2756-44f0-a060-2632ef79e668	GET	/	undefined
06-20-2024	16:43:55	ba400097-c0d7-41ec-a7bb-36148427a188	GET	/	undefined
06-20-2024	16:44:04	0e3d6a7f-790e-4bef-84a0-5113434c94e9	GET	/users	undefined
06-20-2024	16:44:54	602d3ee4-cd91-48b0-9f5e-9b5ef02417c2	GET	/	https://www.google.com
06-20-2024	16:48:17	7539f452-da6b-4822-b2a7-ef2e4557356f	GET	/	https://www.google.com
06-20-2024	16:48:28	5b4c12b9-3273-4d36-a60d-ee081a62c8d5	GET	/users	https://www.google.com
06-20-2024	16:50:54	b171cff2-712b-40f8-b6b5-eae4c84fe8a7	GET	/users	https://www.google.com
06-20-2024	16:54:21	8540e472-4134-4d97-bd9e-7990db6faa2d	GET	/users	undefined
06-20-2024	17:13:00	070094e3-b8e8-4428-a066-1c235b9ed3ea	GET	/users	https://www.google.com
06-20-2024	17:14:27	40dcbb74-0d4c-4497-8cd2-fcf538c71b23	GET	/	undefined
06-20-2024	17:14:53	945e356b-1598-4101-9336-9e7c3edc47c5	GET	/users	http://localhost:5173
06-20-2024	17:18:51	dc5024ae-0387-4aa2-a9c6-e2958bca8788	GET	/users	http://localhost:4777
06-20-2024	17:18:58	6ee08c3b-972d-4ba0-9462-dbfa9c2c3f48	GET	/users	http://localhost:4777
06-20-2024	17:19:37	6a909bf8-b9ce-4ca6-aa36-680b50a44cd5	GET	/users	http://localhost:4777
06-20-2024	17:19:47	e70eed38-8370-4134-b91d-09f1e8e9b484	GET	/users	http://localhost:4777
06-20-2024	17:21:07	66f2207f-6517-4679-8524-7ceb15172621	GET	/users	http://localhost:4777
06-20-2024	17:21:15	076c3168-978a-4275-b01b-1e7a75b9b55e	GET	/users	undefined
06-20-2024	23:28:12	d5c86674-5bc9-432f-93c2-4359b67181e0	GET	/users	undefined
06-20-2024	23:28:26	5dd20517-8310-4b04-aedb-c70b36791671	POST	/users	undefined
06-20-2024	23:28:30	9630b650-4fc4-4e0d-9bda-200e31b50d4a	POST	/users	undefined
06-20-2024	23:28:37	e0d0a4c6-f9d7-41e5-b267-35b5561be325	GET	/users	undefined
06-21-2024	00:45:00	0e86a958-1689-41f8-8556-13edac9f9b7f	GET	/users	http://localhost:4777
06-21-2024	00:46:02	d1499369-fc93-4823-a9c8-d2d362766907	GET	/users	http://localhost:4777
06-21-2024	00:49:25	7255dd30-91f8-465c-8545-696a75cd80ab	GET	/users	http://localhost:4777
06-21-2024	01:10:28	21baec58-34fc-4523-8189-d3ec829525e2	GET	/users	http://localhost:4777
06-21-2024	21:24:55	0d478c88-c0a2-4c6b-8d3a-35ba0a2a3d71	OPTIONS	/users	http://localhost:4777
06-21-2024	21:24:55	38470e46-5906-4798-83ca-fe4351544132	POST	/users	http://localhost:4777
06-21-2024	21:30:19	0ca7f93b-f427-41ee-be0a-2288d8bdfc38	OPTIONS	/users	http://localhost:4777
06-21-2024	21:30:19	0b0cd50d-b78e-4ffb-b279-3ac33cd1225f	POST	/users	http://localhost:4777
06-21-2024	21:31:00	0c644752-16a5-4bf7-bd50-8c8bf9e5379c	OPTIONS	/users	http://localhost:4777
06-21-2024	21:31:00	840fa70e-950c-48ab-9c79-494227e35516	POST	/users	http://localhost:4777
06-21-2024	21:31:17	bcf9ebb2-6d4f-410a-93f1-7653fba4d1d2	OPTIONS	/users	http://localhost:4777
06-21-2024	21:31:17	b784e990-a409-4cc9-945e-e3b6d69268b9	POST	/users	http://localhost:4777
06-21-2024	21:31:21	cd662f7e-2872-40e5-81b4-fe88dfd6e89d	POST	/users	http://localhost:4777
06-21-2024	21:31:23	05d0015d-2b79-479d-ba0d-a62c9ae160ab	OPTIONS	/users	http://localhost:4777
06-21-2024	21:31:23	886a3044-7765-4b16-89aa-650b2bbd824e	POST	/users	http://localhost:4777
06-21-2024	21:32:07	377d5345-39d2-4969-bc8a-3ef5d40bbf12	OPTIONS	/users	http://localhost:4777
06-21-2024	21:32:07	bcc96bd6-0efa-43d7-bc5b-3e74136ea1d9	POST	/users	http://localhost:4777
06-21-2024	21:32:58	a4629df2-af2f-4d76-9bbe-9bb012648eb8	OPTIONS	/users	http://localhost:4777
06-21-2024	21:32:58	832fead3-60f8-4ff5-aaca-1d3e148310d9	POST	/users	http://localhost:4777
06-21-2024	21:33:49	4ee7741a-cf74-40d6-b8c3-9e17d403bba3	OPTIONS	/users	http://localhost:4777
06-21-2024	21:33:49	e143aa47-3295-4510-8df1-3819b0a89cb5	POST	/users	http://localhost:4777
06-21-2024	21:33:57	4958914d-95c5-44e6-8963-19902a5c7209	OPTIONS	/users	http://localhost:4777
06-21-2024	21:33:57	ae012773-f942-401b-bd86-737a8817afea	POST	/users	http://localhost:4777
06-21-2024	21:34:03	9ad6a2b2-ba9c-4e35-8eea-e4341b5fbddb	OPTIONS	/users	http://localhost:4777
06-21-2024	21:34:03	98112709-9493-4356-88f4-aeeef09d495c	POST	/users	http://localhost:4777
06-21-2024	21:34:29	7d804bba-1535-4bd4-988b-27b1abb0f62c	GET	/users	undefined
06-21-2024	21:34:52	79feabd0-d33a-4a88-9889-4dcadb2df74f	OPTIONS	/users	http://localhost:4777
06-21-2024	21:34:52	ff39ba79-8130-4384-8769-3704d7e13341	POST	/users	http://localhost:4777
06-21-2024	21:35:01	ff5c1f06-6926-405a-9095-1bc276e2efc7	OPTIONS	/users	http://localhost:4777
06-21-2024	21:35:01	f69b9d96-3b26-4c9f-92e7-3d2d597ba47c	POST	/users	http://localhost:4777
06-21-2024	21:36:05	d3b10eb5-db29-40a0-8c82-f41ad612334c	OPTIONS	/users	http://localhost:4777
06-21-2024	21:36:05	3e87f674-9802-474c-bd21-6b4346fa9216	POST	/users	http://localhost:4777
06-21-2024	21:36:06	5af4f64a-9408-4579-8069-542baa73aeb8	POST	/users	http://localhost:4777
06-21-2024	21:36:15	685c22d0-384d-4abc-88bc-c82a550a1bdb	GET	/users	undefined
06-21-2024	21:36:38	29c96451-aa08-488f-b85a-1a1ddfa71fc5	OPTIONS	/users	http://localhost:4777
06-21-2024	21:36:38	f86ddae2-d3a3-4518-935c-b837783d5c17	POST	/users	http://localhost:4777
06-21-2024	21:36:45	119394de-edf6-472c-badb-199d0a269d97	GET	/users	undefined
06-21-2024	21:38:45	2c05b4c4-2f88-4de2-b181-f59d5066685d	OPTIONS	/users	http://localhost:4777
06-21-2024	21:38:45	3a9cab01-fd00-414e-a76d-07da93d19a6d	POST	/users	http://localhost:4777
06-21-2024	21:40:24	cf3a199c-3660-425d-982a-0bd3b5e8654f	OPTIONS	/users	http://localhost:4777
06-21-2024	21:40:24	ff8c25cc-2a71-485e-8095-ac9c02258bde	POST	/users	http://localhost:4777
06-21-2024	21:46:32	dfb7a195-232b-4c4e-ac1d-255785ddeeef	OPTIONS	/users	http://localhost:4777
06-21-2024	21:46:32	0db5f7d3-d606-462c-8c3c-91d96d109be1	POST	/users	http://localhost:4777
06-21-2024	21:49:22	c7614a67-009d-4800-a868-e4a7de97ea0e	GET	/users	undefined
06-21-2024	21:49:33	fd736803-bd40-4bb0-b1bf-f1ff7adbc7ad	POST	/users	http://localhost:4777
06-21-2024	21:49:33	1f334767-c29c-4776-8ac7-edb731b7e9c9	OPTIONS	/users	http://localhost:4777
06-21-2024	21:49:41	9af810a6-a90a-4c79-8184-bcf91c0cf986	GET	/users	undefined
